Compiled jquery.js  (4ms)  (pid 28334)
Compiled jquery_ujs.js  (0ms)  (pid 28334)
Compiled jquery.limit-1.2.source.js  (0ms)  (pid 28334)
Compiled microposts.js  (421ms)  (pid 28334)
Compiled pages.js  (153ms)  (pid 28334)
Compiled pagination.js  (0ms)  (pid 28334)
Compiled user_sessions.js  (156ms)  (pid 28334)
Compiled application.js  (930ms)  (pid 28334)
Compiled microposts.css  (124ms)  (pid 28334)
Compiled pages.css  (94ms)  (pid 28334)
Compiled user_sessions.css  (2ms)  (pid 28334)
Compiled application.css  (293ms)  (pid 28334)
Compiled jquery.js  (2ms)  (pid 4988)
Compiled jquery_ujs.js  (0ms)  (pid 4988)
Compiled jquery.limit-1.2.source.js  (0ms)  (pid 4988)
Compiled microposts.js  (186ms)  (pid 4988)
Compiled pages.js  (158ms)  (pid 4988)
Compiled pagination.js  (0ms)  (pid 4988)
Compiled user_sessions.js  (150ms)  (pid 4988)
Compiled application.js  (621ms)  (pid 4988)
Compiled microposts.css  (33ms)  (pid 4988)
Compiled pages.css  (88ms)  (pid 4988)
Compiled user_sessions.css  (1ms)  (pid 4988)
Compiled application.css  (181ms)  (pid 4988)
